Arguments: 
  C:\Program Files\nodejs\node.exe C:\Users\jshen103\AppData\Roaming\npm\node_modules\yarn\bin\yarn.js add material-ui@latest

PATH: 
  C:\WINDOWS\system32;C:\WINDOWS;C:\WINDOWS\System32\Wbem;C:\Program Files\WinZip\;C:\Program Files\Microsoft SQL Server\Client SDK\ODBC\110\Tools\Binn\;C:\Program Files (x86)\Microsoft SQL Server\120\Tools\Binn\;C:\Program Files\Microsoft SQL Server\120\Tools\Binn\;C:\Program Files\Microsoft SQL Server\120\DTS\Binn\;C:\WINDOWS\System32\WindowsPowerShell\v1.0\;C:\Program Files (x86)\IBM\Lotus\Notes\;C:\Program Files (x86)\SafeCom\SafeComPrintClient;C:\Program Files\SafeCom\SafeComAppPrint;C:\Program Files (x86)\NTRU Cryptosystems\NTRU TCG Software Stack (x64)\bin\;C:\Program Files\NTRU Cryptosystems\NTRU TCG Software Stack\bin\;C:\Program Files\nodejs\;C:\Program Files\Intel\WiFi\bin\;C:\Program Files\Common Files\Intel\WirelessCommon\;C:\Program Files (x86)\Symantec\VIP Access Client\;C:\Program Files\PuTTY\;C:\Program Files (x86)\Google\Cloud SDK\google-cloud-sdk\bin;C:\Program Files\Microsoft SQL Server\110\DTS\Binn\;C:\Program Files (x86)\Microsoft SQL Server\110\Tools\Binn\;C:\Program Files\Microsoft SQL Server\110\Tools\Binn\;C:\Program Files (x86)\Microsoft SQL Server\110\Tools\Binn\ManagementStudio\;C:\Program Files (x86)\Microsoft Visual Studio 10.0\Common7\IDE\PrivateAssemblies\;C:\Program Files (x86)\Microsoft SQL Server\110\DTS\Binn\;C:\Users\jshen103\AppData\Local\Programs\Python\Python36-32;C:\Users\jshen103\AppData\Local\Programs\Python\Python36-32\Scripts;C:\Program Files (x86)\Windows Kits\8.1\Windows Performance Toolkit\;C:\Python27;C:\Python27\Scripts;C:\tools\apache-maven-3.5.0\bin;C:\Program Files\Java\jdk1.8.0_131\bin;C:\tools\groovy-2.4.11/bin;C:\Program Files (x86)\scala\bin;C:\WINDOWS\System32\WindowsPowerShell\v1.0\;C:\Ruby24-x64\bin;C:\Program Files (x86)\Microsoft VS Code\bin;C:\Users\jshen103\AppData\Roaming\npm;C:\Users\jshen103\AppData\Local\Programs\Git\cmd

Yarn version: 
  1.1.0

Node version: 
  6.10.2

Platform: 
  win32 x64

npm manifest: 
  {
    "name": "react-study",
    "version": "1.0.0",
    "description": "",
    "main": "public/index.html",
    "scripts": {
      "test": "echo \"Error: no test specified\" && exit 1",
      "build": "webpack --config webpack.config.prod.js",
      "watch": "webpack --config webpack.config.prod.js --watch",
      "pm2": "pm2",
      "open": "node ./openBrowser",
      "start": "node ./runApp",
      "startApp": "pm2 start app.js --name gladapp",
      "stop": "pm2 stop gladapp",
      "restart": "pm2 restart gladapp",
      "status": "pm2 status gladapp"
    },
    "author": "",
    "license": "ISC",
    "devDependencies": {
      "babel-cli": "^6.24.1",
      "babel-loader": "^7.1.1",
      "babel-preset-env": "^1.6.0",
      "babel-preset-es2015": "^6.24.1",
      "babel-preset-react": "^6.24.1",
      "babel-preset-stage-1": "^6.24.1",
      "clean-webpack-plugin": "^0.1.16",
      "copy-webpack-plugin": "^4.0.1",
      "css-loader": "^0.28.5",
      "extract-text-webpack-plugin": "^3.0.0",
      "file-loader": "^0.11.2",
      "html-webpack-plugin": "^2.30.1",
      "less": "^2.7.2",
      "less-loader": "^4.0.5",
      "pm2": "^2.6.1",
      "style-loader": "^0.18.2",
      "webpack": "^3.3.0",
      "webpack-hot-middleware": "^2.19.1",
      "yarn": "^1.1.0"
    },
    "dependencies": {
      "body-parser": "~1.17.1",
      "bootstrap": "^3.3.7",
      "connect-multiparty": "^2.0.0",
      "cookie-parser": "~1.4.3",
      "css-animation": "^1.4.1",
      "debug": "~2.6.3",
      "dotenv": "^4.0.0",
      "draft-js": "^0.10.1",
      "draft-js-export-markdown": "^1.2.0",
      "draft-js-import-markdown": "^1.2.0",
      "draftjs-md-converter": "^0.1.5",
      "draftjs-to-html": "^0.7.5",
      "draftjs-to-markdown": "^0.4.4",
      "express": "~4.15.2",
      "express-handlebars": "^3.0.0",
      "font-awesome": "^4.7.0",
      "html-to-draftjs": "0.1.0-beta15",
      "html-to-markdown": "^1.0.0",
      "immutable": "^3.8.1",
      "jquery": "^3.2.1",
      "markdown-it": "^8.4.0",
      "markdown-it-abbr": "^1.0.4",
      "markdown-it-checkbox": "^1.1.0",
      "markdown-it-deflist": "^2.0.3",
      "markdown-it-emoji": "^1.4.0",
      "markdown-it-footnote": "^3.0.1",
      "markdown-it-ins": "^2.0.0",
      "markdown-it-mark": "^2.0.0",
      "markdown-it-sub": "^1.0.0",
      "markdown-it-sup": "^1.0.0",
      "markdown-it-task-lists": "^2.0.1",
      "markdown-it-toc-and-anchor": "^4.1.2",
      "markdown-to-html": "0.0.13",
      "material-ui": "^0.19.0",
      "morgan": "~1.8.1",
      "mv": "^2.1.1",
      "open": "0.0.5",
      "radium": "^0.19.4",
      "rc-tooltip": "^3.4.9",
      "rc-tree": "^1.7.3",
      "react": "^15.6.1",
      "react-ckeditor-wrapper": "^1.0.22",
      "react-color": "^2.13.8",
      "react-dom": "^15.6.1",
      "react-draft-wysiwyg": "^1.10.8",
      "react-froala-wysiwyg": "^2.7.0",
      "react-hot-loader": "^3.0.0-beta.7",
      "react-redux": "^5.0.6",
      "react-route": "^1.0.3",
      "react-router": "^4.1.2",
      "react-router-dom": "^4.2.2",
      "react-toastr": "^2.9.3",
      "redux": "^3.7.2",
      "redux-immutable": "^4.0.0",
      "redux-thunk": "^2.2.0",
      "serve-favicon": "~2.4.2",
      "style-it": "^1.6.13",
      "to-markdown": "^3.1.0",
      "translation.js": "^0.6.2",
      "webpack-dev-middleware": "^1.12.0"
    }
  }

yarn manifest: 
  No manifest

Lockfile: 
  No lockfile

Trace: 
  Error: EPERM: operation not permitted, open 'C:\work\git_space\GladEditor\node_modules\core-js\library\modules\es6.object.to-string.js'
      at Error (native)
